#-----------------------------------------------------------
# Vivado v2025.1 (64-bit)
# SW Build 6140274 on Wed May 21 22:58:25 MDT 2025
# IP Build 6138677 on Thu May 22 03:10:11 MDT 2025
# SharedData Build 6139179 on Tue May 20 17:58:58 MDT 2025
# Start of session at: Tue Aug 26 18:41:10 2025
# Process ID         : 516576
# Current directory  : /auto/fsh/lrjohnso/riscv_labs/lab05
# Command line       : vivado -mode batch -source synth_datapath.tcl -log synth_datapath.log -nojournal -notrace
# Log file           : /auto/fsh/lrjohnso/riscv_labs/lab05/synth_datapath.log
# Journal file       : 
# Running On         : DIGITAL-06
# Platform           : Ubuntu
# Operating System   : Ubuntu 24.04.2 LTS
# Processor Detail   : Intel(R) Core(TM) i5-14500
# CPU Frequency      : 2583.384 MHz
# CPU Physical cores : 14
# CPU Logical cores  : 20
# Host memory        : 16422 MB
# Swap memory        : 2147 MB
# Total Virtual      : 18569 MB
# Available Virtual  : 14770 MB
#-----------------------------------------------------------
source synth_datapath.tcl -notrace
Command: synth_design -top riscv_simple_datapath -part xcvc1502-nsvg1369-1LHP-i-L -verbose
Starting synth_design
Attempting to get a license for feature 'Synthesis' and/or device 'xcvc1502'
WARNING: [Common 17-348] Failed to get the license for feature 'Synthesis' and/or device 'xcvc1502'. Explanation: The license feature Synthesis could not be found.
Resolution: Check the status of your licenses in the Vivado License Manager. For debug help search Xilinx Support for "Licensing FAQ". 
0 Infos, 1 Warnings, 0 Critical Warnings and 1 Errors encountered.
synth_design failed
ERROR: [Common 17-345] A valid license was not found for feature 'Synthesis' and/or device 'xcvc1502'. Please run the Vivado License Manager for assistance in determining
which features and devices are licensed for your system.
Resolution: Check the status of your licenses in the Vivado License Manager. For debug help search Xilinx Support for "Licensing FAQ". If you are using a license server, verify that the license server is up and running a version of the xilinx daemon that is compatible with the version of Xilinx software that you are using. Note: Vivado 2021.1 and later versions require upgrading your license server tools to the Flex 11.17.2.0 versions. Please confirm with your license admin that the correct version of the license server tools are installed.
INFO: [Common 17-206] Exiting Vivado at Tue Aug 26 18:41:14 2025...
