#-----------------------------------------------------------
# Vivado v2025.1 (64-bit)
# SW Build 6140274 on Wed May 21 22:58:25 MDT 2025
# IP Build 6138677 on Thu May 22 03:10:11 MDT 2025
# SharedData Build 6139179 on Tue May 20 17:58:58 MDT 2025
# Start of session at: Tue Aug 26 18:33:41 2025
# Process ID         : 514506
# Current directory  : /auto/fsh/lrjohnso/riscv_labs/lab05
# Command line       : vivado -mode batch -source synth_datapath.tcl -log synth_datapath.log -nojournal -notrace
# Log file           : /auto/fsh/lrjohnso/riscv_labs/lab05/synth_datapath.log
# Journal file       : 
# Running On         : DIGITAL-06
# Platform           : Ubuntu
# Operating System   : Ubuntu 24.04.2 LTS
# Processor Detail   : Intel(R) Core(TM) i5-14500
# CPU Frequency      : 3321.633 MHz
# CPU Physical cores : 14
# CPU Logical cores  : 20
# Host memory        : 16422 MB
# Swap memory        : 2147 MB
# Total Virtual      : 18569 MB
# Available Virtual  : 14869 MB
#-----------------------------------------------------------
source synth_datapath.tcl -notrace
read_verilog: Time (s): cpu = 00:00:06 ; elapsed = 00:00:05 . Memory (MB): peak = 1587.578 ; gain = 136.059 ; free physical = 1011 ; free virtual = 13547
Command: synth_design -top riscv_simple_datapath -part xc7a35tcpg236-1 -verbose
WARNING: [Device 21-436] No parts matched 'xc7a35tcpg236-1'
0 Infos, 1 Warnings, 0 Critical Warnings and 1 Errors encountered.
synth_design failed
ERROR: [Common 17-162] Invalid option value specified for '-part'.
INFO: [Common 17-206] Exiting Vivado at Tue Aug 26 18:33:52 2025...
